#
# There is insufficient memory for the Java Runtime Environment to continue.
# Native memory allocation (malloc) failed to allocate 1282576 bytes for Chunk::new
# Possible reasons:
#   The system is out of physical RAM or swap space
#   In 32 bit mode, the process size limit was hit
# Possible solutions:
#   Reduce memory load on the system
#   Increase physical memory or swap space
#   Check if swap backing store is full
#   Use 64 bit Java on a 64 bit OS
#   Decrease Java heap size (-Xmx/-Xms)
#   Decrease number of Java threads
#   Decrease Java thread stack sizes (-Xss)
#   Set larger code cache with -XX:ReservedCodeCacheSize=
# This output file may be truncated or incomplete.
#
#  Out of Memory Error (allocation.cpp:390), pid=31628, tid=0x0000000000013c74
#
# JRE version: Java(TM) SE Runtime Environment (8.0_121-b13) (build 1.8.0_121-b13)
# Java VM: Java HotSpot(TM) 64-Bit Server VM (25.121-b13 mixed mode windows-amd64 compressed oops)
# Failed to write core dump. Minidumps are not enabled by default on client versions of Windows
#

---------------  T H R E A D  ---------------

Current thread (0x0000000019771800):  JavaThread "C2 CompilerThread0" daemon [_thread_in_native, id=81012, stack(0x000000001b1b0000,0x000000001b2b0000)]

Stack: [0x000000001b1b0000,0x000000001b2b0000]
[error occurred during error reporting (printing stack bounds), id 0xc0000005]

Native frames: (J=compiled Java code, j=interpreted, Vv=VM code, C=native code)


Current CompileTask:
C2:   7555 1656   !   4       java.net.URLClassLoader$1::run (63 bytes)


---------------  P R O C E S S  ---------------

Java Threads: ( => current thread )
  0x000000001ac0d000 JavaThread "Service Thread" daemon [_thread_blocked, id=81964, stack(0x000000001b4b0000,0x000000001b5b0000)]
  0x000000001977b000 JavaThread "C1 CompilerThread2" daemon [_thread_blocked, id=63232, stack(0x000000001b3b0000,0x000000001b4b0000)]
  0x0000000019773800 JavaThread "C2 CompilerThread1" daemon [_thread_in_native, id=83516, stack(0x000000001b2b0000,0x000000001b3b0000)]
=>0x0000000019771800 JavaThread "C2 CompilerThread0" daemon [_thread_in_native, id=81012, stack(0x000000001b1b0000,0x000000001b2b0000)]
  0x0000000019760800 JavaThread "Attach Listener" daemon [_thread_blocked, id=84952, stack(0x000000001b0b0000,0x000000001b1b0000)]
  0x000000001abf3800 JavaThread "Signal Dispatcher" daemon [_thread_blocked, id=84480, stack(0x000000001afb0000,0x000000001b0b0000)]
  0x0000000019740000 JavaThread "Finalizer" daemon [_thread_blocked, id=84216, stack(0x000000001a9b0000,0x000000001aab0000)]
  0x0000000005522000 JavaThread "Reference Handler" daemon [_thread_blocked, id=81124, stack(0x000000001a8b0000,0x000000001a9b0000)]
  0x000000000101e800 JavaThread "main" [_thread_in_Java, id=84436, stack(0x0000000005330000,0x0000000005430000)]

Other Threads:
  0x000000000551c000 VMThread [stack: 0x000000001a7b0000,0x000000001a8b0000] [id=84704]
  0x000000001aca3800 WatcherThread [stack: 0x000000001b5b0000,0x000000001b6b0000] [id=84868]

VM state:not at safepoint (normal execution)

VM Mutex/Monitor currently owned by a thread: None

Heap:
 PSYoungGen      total 33280K, used 16702K [0x00000000db100000, 0x00000000dd600000, 0x0000000100000000)
  eden space 28672K, 42% used [0x00000000db100000,0x00000000dbcd39e8,0x00000000dcd00000)
  from space 4608K, 99% used [0x00000000dcd00000,0x00000000dd17c040,0x00000000dd180000)
  to   space 4608K, 0% used [0x00000000dd180000,0x00000000dd180000,0x00000000dd600000)
 ParOldGen       total 76800K, used 5536K [0x0000000091200000, 0x0000000095d00000, 0x00000000db100000)
  object space 76800K, 7% used [0x0000000091200000,0x00000000917681e8,0x0000000095d00000)
 Metaspace       used 14901K, capacity 15188K, committed 15488K, reserved 1062912K
  class space    used 1815K, capacity 1912K, committed 1920K, reserved 1048576K

Card table byte_map: [0x00000000148f0000,0x0000000014c70000] byte_map_base: 0x0000000014467000

Marking Bits: (ParMarkBitMap*) 0x000000006098b6d0
 Begin Bits: [0x00000000152c0000, 0x0000000016e78000)
 End Bits:   [0x0000000016e78000, 0x0000000018a30000)

Polling page: 0x0000000003510000

CodeCache: size=245760Kb used=6541Kb max_used=6559Kb free=239219Kb
 bounds [0x0000000005530000, 0x0000000005ba0000, 0x0000000014530000]
 total_blobs=2271 nmethods=1920 adapters=264
 compilation: enabled

Compilation events (10 events):
Event: 7.407 Thread 0x0000000019773800 nmethod 1913 0x0000000005b6c3d0 code [0x0000000005b6c520, 0x0000000005b6caf8]
Event: 7.410 Thread 0x0000000019773800 1915       4       java.util.regex.Matcher::reset (83 bytes)
Event: 7.414 Thread 0x0000000019773800 nmethod 1915 0x0000000005b90750 code [0x0000000005b908a0, 0x0000000005b909f8]
Event: 7.415 Thread 0x0000000019773800 1916       4       java.util.regex.Matcher::match (109 bytes)
Event: 7.417 Thread 0x000000001977b000 1917       1       org.apache.maven.model.Dependency::getOptional (5 bytes)
Event: 7.417 Thread 0x000000001977b000 nmethod 1917 0x0000000005b85610 code [0x0000000005b85760, 0x0000000005b85870]
Event: 7.427 Thread 0x000000001977b000 1918       3       org.apache.maven.model.validation.DefaultModelValidator::validateBoolean (80 bytes)
Event: 7.427 Thread 0x0000000019773800 nmethod 1916 0x0000000005b916d0 code [0x0000000005b91840, 0x0000000005b91dd8]
Event: 7.428 Thread 0x0000000019773800 1919       4       org.apache.maven.model.Dependency::getManagementKey (94 bytes)
Event: 7.428 Thread 0x000000001977b000 nmethod 1918 0x0000000005b941d0 code [0x0000000005b943e0, 0x0000000005b95028]

GC Heap History (6 events):
Event: 2.845 GC heap before
{Heap before GC invocations=1 (full 0):
 PSYoungGen      total 33280K, used 28672K [0x00000000db100000, 0x00000000dd600000, 0x0000000100000000)
  eden space 28672K, 100% used [0x00000000db100000,0x00000000dcd00000,0x00000000dcd00000)
  from space 4608K, 0% used [0x00000000dd180000,0x00000000dd180000,0x00000000dd600000)
  to   space 4608K, 0% used [0x00000000dcd00000,0x00000000dcd00000,0x00000000dd180000)
 ParOldGen       total 76800K, used 0K [0x0000000091200000, 0x0000000095d00000, 0x00000000db100000)
  object space 76800K, 0% used [0x0000000091200000,0x0000000091200000,0x0000000095d00000)
 Metaspace       used 8080K, capacity 8328K, committed 8576K, reserved 1056768K
  class space    used 977K, capacity 1052K, committed 1152K, reserved 1048576K
Event: 2.856 GC heap after
Heap after GC invocations=1 (full 0):
 PSYoungGen      total 33280K, used 4586K [0x00000000db100000, 0x00000000dd600000, 0x0000000100000000)
  eden space 28672K, 0% used [0x00000000db100000,0x00000000db100000,0x00000000dcd00000)
  from space 4608K, 99% used [0x00000000dcd00000,0x00000000dd17abe8,0x00000000dd180000)
  to   space 4608K, 0% used [0x00000000dd180000,0x00000000dd180000,0x00000000dd600000)
 ParOldGen       total 76800K, used 740K [0x0000000091200000, 0x0000000095d00000, 0x00000000db100000)
  object space 76800K, 0% used [0x0000000091200000,0x00000000912b9028,0x0000000095d00000)
 Metaspace       used 8080K, capacity 8328K, committed 8576K, reserved 1056768K
  class space    used 977K, capacity 1052K, committed 1152K, reserved 1048576K
}
Event: 4.191 GC heap before
{Heap before GC invocations=2 (full 0):
 PSYoungGen      total 33280K, used 33258K [0x00000000db100000, 0x00000000dd600000, 0x0000000100000000)
  eden space 28672K, 100% used [0x00000000db100000,0x00000000dcd00000,0x00000000dcd00000)
  from space 4608K, 99% used [0x00000000dcd00000,0x00000000dd17abe8,0x00000000dd180000)
  to   space 4608K, 0% used [0x00000000dd180000,0x00000000dd180000,0x00000000dd600000)
 ParOldGen       total 76800K, used 740K [0x0000000091200000, 0x0000000095d00000, 0x00000000db100000)
  object space 76800K, 0% used [0x0000000091200000,0x00000000912b9028,0x0000000095d00000)
 Metaspace       used 10823K, capacity 11082K, committed 11264K, reserved 1058816K
  class space    used 1332K, capacity 1415K, committed 1536K, reserved 1048576K
Event: 4.203 GC heap after
Heap after GC invocations=2 (full 0):
 PSYoungGen      total 33280K, used 4580K [0x00000000db100000, 0x00000000dd600000, 0x0000000100000000)
  eden space 28672K, 0% used [0x00000000db100000,0x00000000db100000,0x00000000dcd00000)
  from space 4608K, 99% used [0x00000000dd180000,0x00000000dd5f9000,0x00000000dd600000)
  to   space 4608K, 0% used [0x00000000dcd00000,0x00000000dcd00000,0x00000000dd180000)
 ParOldGen       total 76800K, used 2141K [0x0000000091200000, 0x0000000095d00000, 0x00000000db100000)
  object space 76800K, 2% used [0x0000000091200000,0x0000000091417498,0x0000000095d00000)
 Metaspace       used 10823K, capacity 11082K, committed 11264K, reserved 1058816K
  class space    used 1332K, capacity 1415K, committed 1536K, reserved 1048576K
}
Event: 6.355 GC heap before
{Heap before GC invocations=3 (full 0):
 PSYoungGen      total 33280K, used 33252K [0x00000000db100000, 0x00000000dd600000, 0x0000000100000000)
  eden space 28672K, 100% used [0x00000000db100000,0x00000000dcd00000,0x00000000dcd00000)
  from space 4608K, 99% used [0x00000000dd180000,0x00000000dd5f9000,0x00000000dd600000)
  to   space 4608K, 0% used [0x00000000dcd00000,0x00000000dcd00000,0x00000000dd180000)
 ParOldGen       total 76800K, used 2141K [0x0000000091200000, 0x0000000095d00000, 0x00000000db100000)
  object space 76800K, 2% used [0x0000000091200000,0x0000000091417498,0x0000000095d00000)
 Metaspace       used 14435K, capacity 14678K, committed 14976K, reserved 1062912K
  class space    used 1778K, capacity 1875K, committed 1920K, reserved 1048576K
Event: 6.439 GC heap after
Heap after GC invocations=3 (full 0):
 PSYoungGen      total 33280K, used 4592K [0x00000000db100000, 0x00000000dd600000, 0x0000000100000000)
  eden space 28672K, 0% used [0x00000000db100000,0x00000000db100000,0x00000000dcd00000)
  from space 4608K, 99% used [0x00000000dcd00000,0x00000000dd17c040,0x00000000dd180000)
  to   space 4608K, 0% used [0x00000000dd180000,0x00000000dd180000,0x00000000dd600000)
 ParOldGen       total 76800K, used 5536K [0x0000000091200000, 0x0000000095d00000, 0x00000000db100000)
  object space 76800K, 7% used [0x0000000091200000,0x00000000917681e8,0x0000000095d00000)
 Metaspace       used 14435K, capacity 14678K, committed 14976K, reserved 1062912K
  class space    used 1778K, capacity 1875K, committed 1920K, reserved 1048576K
}

Deoptimization events (10 events):
Event: 6.804 Thread 0x000000000101e800 Uncommon trap: reason=unstable_if action=reinterpret pc=0x0000000005ad6434 method=java.lang.reflect.AccessibleObject.setAccessible0(Ljava/lang/reflect/AccessibleObject;Z)V @ 4
Event: 6.906 Thread 0x000000000101e800 Uncommon trap: reason=unstable_if action=reinterpret pc=0x0000000005a8d9d4 method=org.codehaus.plexus.util.xml.pull.MXParser.nextImpl()I @ 879
Event: 7.035 Thread 0x000000000101e800 Uncommon trap: reason=null_check action=make_not_entrant pc=0x0000000005b02d8c method=org.apache.maven.model.io.xpp3.MavenXpp3ReaderEx.checkFieldWithDuplicate(Lorg/codehaus/plexus/util/xml/pull/XmlPullParser;Ljava/lang/String;Ljava/lang/String;Ljava/util/
Event: 7.046 Thread 0x000000000101e800 Uncommon trap: reason=unstable_if action=reinterpret pc=0x0000000005b0e29c method=java.lang.String.trim()Ljava/lang/String; @ 63
Event: 7.046 Thread 0x000000000101e800 Uncommon trap: reason=unstable_if action=reinterpret pc=0x0000000005a8f234 method=org.codehaus.plexus.util.xml.pull.MXParser.isS(C)Z @ 21
Event: 7.046 Thread 0x000000000101e800 Uncommon trap: reason=unstable_if action=reinterpret pc=0x0000000005a6e324 method=org.codehaus.plexus.util.xml.pull.MXParser.isS(C)Z @ 21
Event: 7.083 Thread 0x000000000101e800 Uncommon trap: reason=unstable_if action=reinterpret pc=0x0000000005a62ec0 method=sun.nio.cs.UTF_8$Decoder.decode([BII[C)I @ 30
Event: 7.084 Thread 0x000000000101e800 Uncommon trap: reason=unstable_if action=reinterpret pc=0x00000000057dd078 method=sun.nio.cs.UTF_8$Decoder.decodeArrayLoop(Ljava/nio/ByteBuffer;Ljava/nio/CharBuffer;)Ljava/nio/charset/CoderResult; @ 84
Event: 7.308 Thread 0x000000000101e800 Uncommon trap: reason=unstable_if action=reinterpret pc=0x000000000598d038 method=java.lang.String.substring(I)Ljava/lang/String; @ 35
Event: 7.309 Thread 0x000000000101e800 Uncommon trap: reason=unstable_if action=reinterpret pc=0x0000000005a86cd4 method=java.lang.String.regionMatches(ZILjava/lang/String;II)Z @ 25

Internal exceptions (10 events):
Event: 5.222 Thread 0x000000000101e800 Exception <a 'java/lang/NoClassDefFoundError': javax/annotation/Priority> (0x00000000dc15ac70) thrown at [C:\re\workspace\8-2-build-windows-amd64-cygwin\jdk8u121\8372\hotspot\src\share\vm\classfile\systemDictionary.cpp, line 199]
Event: 5.845 Thread 0x000000000101e800 Exception <a 'java/lang/NullPointerException'> (0x00000000dc7b8528) thrown at [C:\re\workspace\8-2-build-windows-amd64-cygwin\jdk8u121\8372\hotspot\src\share\vm\interpreter\linkResolver.cpp, line 1178]
Event: 5.845 Thread 0x000000000101e800 Exception <a 'java/lang/NullPointerException'> (0x00000000dc7b8740) thrown at [C:\re\workspace\8-2-build-windows-amd64-cygwin\jdk8u121\8372\hotspot\src\share\vm\interpreter\linkResolver.cpp, line 1178]
Event: 5.845 Thread 0x000000000101e800 Exception <a 'java/lang/NullPointerException'> (0x00000000dc7b8958) thrown at [C:\re\workspace\8-2-build-windows-amd64-cygwin\jdk8u121\8372\hotspot\src\share\vm\interpreter\linkResolver.cpp, line 1178]
Event: 5.847 Thread 0x000000000101e800 Exception <a 'java/lang/NullPointerException'> (0x00000000dc7c1298) thrown at [C:\re\workspace\8-2-build-windows-amd64-cygwin\jdk8u121\8372\hotspot\src\share\vm\interpreter\linkResolver.cpp, line 1178]
Event: 5.847 Thread 0x000000000101e800 Exception <a 'java/lang/NullPointerException'> (0x00000000dc7c14b0) thrown at [C:\re\workspace\8-2-build-windows-amd64-cygwin\jdk8u121\8372\hotspot\src\share\vm\interpreter\linkResolver.cpp, line 1178]
Event: 5.847 Thread 0x000000000101e800 Exception <a 'java/lang/NullPointerException'> (0x00000000dc7c16c8) thrown at [C:\re\workspace\8-2-build-windows-amd64-cygwin\jdk8u121\8372\hotspot\src\share\vm\interpreter\linkResolver.cpp, line 1178]
Event: 5.981 Thread 0x000000000101e800 Implicit null exception at 0x0000000005785356 to 0x00000000057856e1
Event: 5.981 Thread 0x000000000101e800 Implicit null exception at 0x000000000572e994 to 0x000000000572ed39
Event: 7.035 Thread 0x000000000101e800 Implicit null exception at 0x0000000005b02b2f to 0x0000000005b02d6d

Events (10 events):
Event: 7.309 Thread 0x000000000101e800 DEOPT UNPACKING pc=0x000000000557582a sp=0x000000000542db60 mode 2
Event: 7.309 Thread 0x000000000101e800 Uncommon trap: trap_request=0xffffff65 fr.pc=0x0000000005a86cd4
Event: 7.309 Thread 0x000000000101e800 DEOPT PACKING pc=0x0000000005a86cd4 sp=0x000000000542db70
Event: 7.309 Thread 0x000000000101e800 DEOPT UNPACKING pc=0x000000000557582a sp=0x000000000542db08 mode 2
Event: 7.333 Thread 0x000000000101e800 DEOPT PACKING pc=0x0000000005b3329a sp=0x000000000542d3e0
Event: 7.333 Thread 0x000000000101e800 DEOPT UNPACKING pc=0x000000000557747f sp=0x000000000542d260 mode 0
Event: 7.334 Thread 0x000000000101e800 DEOPT PACKING pc=0x0000000005b3d9db sp=0x000000000542d3d0
Event: 7.334 Thread 0x000000000101e800 DEOPT UNPACKING pc=0x000000000557747f sp=0x000000000542d1d0 mode 0
Event: 7.437 loading class org/apache/maven/artifact/versioning/DefaultArtifactVersion
Event: 7.437 loading class org/apache/maven/artifact/versioning/DefaultArtifactVersion done


Dynamic libraries:
0x00007ff772020000 - 0x00007ff772057000 	D:\jdk\bin\java.exe
0x00007ffeb84e0000 - 0x00007ffeb86c0000 	C:\WINDOWS\SYSTEM32\ntdll.dll
0x00007ffeb82d0000 - 0x00007ffeb837e000 	C:\WINDOWS\System32\KERNEL32.DLL
0x00007ffeb4b80000 - 0x00007ffeb4de6000 	C:\WINDOWS\System32\KERNELBASE.dll
0x00007ffeb65d0000 - 0x00007ffeb6671000 	C:\WINDOWS\System32\ADVAPI32.dll
0x00007ffeb8410000 - 0x00007ffeb84ad000 	C:\WINDOWS\System32\msvcrt.dll
0x00007ffeb8040000 - 0x00007ffeb809b000 	C:\WINDOWS\System32\sechost.dll
0x00007ffeb80a0000 - 0x00007ffeb81bf000 	C:\WINDOWS\System32\RPCRT4.dll
0x00007ffeb5c10000 - 0x00007ffeb5d9f000 	C:\WINDOWS\System32\USER32.dll
0x00007ffeb4b60000 - 0x00007ffeb4b80000 	C:\WINDOWS\System32\win32u.dll
0x00007ffeb5da0000 - 0x00007ffeb5dc8000 	C:\WINDOWS\System32\GDI32.dll
0x00007ffeb56e0000 - 0x00007ffeb5873000 	C:\WINDOWS\System32\gdi32full.dll
0x00007ffeb5640000 - 0x00007ffeb56db000 	C:\WINDOWS\System32\msvcp_win.dll
0x00007ffeb4df0000 - 0x00007ffeb4ee5000 	C:\WINDOWS\System32\ucrtbase.dll
0x00007ffea7b40000 - 0x00007ffea7da9000 	C:\WINDOWS\WinSxS\amd64_microsoft.windows.common-controls_6595b64144ccf1df_6.0.16299.847_none_15cddd1e93602b6a\COMCTL32.dll
0x00007ffeb66f0000 - 0x00007ffeb69f6000 	C:\WINDOWS\System32\combase.dll
0x00007ffeb58d0000 - 0x00007ffeb5942000 	C:\WINDOWS\System32\bcryptPrimitives.dll
0x00007ffeb8380000 - 0x00007ffeb83ad000 	C:\WINDOWS\System32\IMM32.DLL
0x0000000060a10000 - 0x0000000060ae2000 	D:\jdk\jre\bin\msvcr100.dll
0x0000000060170000 - 0x0000000060a0b000 	D:\jdk\jre\bin\server\jvm.dll
0x00007ffeb6a00000 - 0x00007ffeb6a08000 	C:\WINDOWS\System32\PSAPI.DLL
0x00007ffe9f250000 - 0x00007ffe9f259000 	C:\WINDOWS\SYSTEM32\WSOCK32.dll
0x00007ffeb1380000 - 0x00007ffeb13a3000 	C:\WINDOWS\SYSTEM32\WINMM.dll
0x00007ffeb6680000 - 0x00007ffeb66ec000 	C:\WINDOWS\System32\WS2_32.dll
0x00007ffeb1320000 - 0x00007ffeb134a000 	C:\WINDOWS\SYSTEM32\WINMMBASE.dll
0x00007ffeb5880000 - 0x00007ffeb58ca000 	C:\WINDOWS\System32\cfgmgr32.dll
0x00007ffeabde0000 - 0x00007ffeabdea000 	C:\WINDOWS\SYSTEM32\VERSION.dll
0x0000000060160000 - 0x000000006016f000 	D:\jdk\jre\bin\verify.dll
0x0000000060130000 - 0x0000000060159000 	D:\jdk\jre\bin\java.dll
0x0000000060110000 - 0x0000000060126000 	D:\jdk\jre\bin\zip.dll
0x00007ffeb6a30000 - 0x00007ffeb7e68000 	C:\WINDOWS\System32\SHELL32.dll
0x00007ffeb60c0000 - 0x00007ffeb6166000 	C:\WINDOWS\System32\shcore.dll
0x00007ffeb4ef0000 - 0x00007ffeb5637000 	C:\WINDOWS\System32\windows.storage.dll
0x00007ffeb59b0000 - 0x00007ffeb5a01000 	C:\WINDOWS\System32\shlwapi.dll
0x00007ffeb48a0000 - 0x00007ffeb48b1000 	C:\WINDOWS\System32\kernel.appcore.dll
0x00007ffeb4830000 - 0x00007ffeb487c000 	C:\WINDOWS\System32\powrprof.dll
0x00007ffeb48c0000 - 0x00007ffeb48db000 	C:\WINDOWS\System32\profapi.dll
0x00007ffeb04f0000 - 0x00007ffeb04fa000 	D:\apache-maven-3.6.0\lib\jansi-native\windows64\jansi.dll
0x00000000600c0000 - 0x00000000600da000 	D:\jdk\jre\bin\net.dll
0x00007ffeb40c0000 - 0x00007ffeb4126000 	C:\WINDOWS\system32\mswsock.dll
0x0000000060090000 - 0x00000000600a1000 	D:\jdk\jre\bin\nio.dll

VM Arguments:
jvm_args: -Dclassworlds.conf=D:\apache-maven-3.6.0\bin\..\bin\m2.conf -Dmaven.home=D:\apache-maven-3.6.0\bin\.. -Dlibrary.jansi.path=D:\apache-maven-3.6.0\bin\..\lib\jansi-native -Dmaven.multiModuleProjectDirectory=C:\Users\zhao xiao qin\Desktop\程序文件\SpringBoot\SecondSpring 
java_command: org.codehaus.plexus.classworlds.launcher.Launcher spring-boot:run
java_class_path (initial): D:\apache-maven-3.6.0\bin\..\boot\plexus-classworlds-2.5.2.jar
Launcher Type: SUN_STANDARD

Environment Variables:
JAVA_HOME=D:\jdk
CLASSPATH=D:\jdk\jre\lib\ext\sqljdbc4.jar;D:\tomcat\common\lib\servlet-api.jar;
PATH=C:\Users\zhao xiao qin\AppData\Local\Programs\Python\Python36;C:\windows\system32;C:\windows;C:\windows\SystemRoot%\system32;C:\WINDOWS;C:\WINDOWS\system32\WBEM;D:\tomcat\bin;"D:\tomcat\lib;";C:\Program Files\Microsoft SQL Server\130\Tools\Binn\;D:\apache-ant-1.9.11\bin;C:\Program Files (x86)\NVIDIA Corporation\PhysX\Common;D:\Matlab2016b\runtime\win64;D:\Matlab2016b\bin;D:\Matlab2016b\polyspace\bin;C:\Users\zhao xiao qin\AppData\Local\Programs\Python\Python36\Scripts;D:\AndroidSDK\tools;D:\AndroidSDK\platform-tools;;C:\Program Files (x86)\Microsoft SQL Server\100\Tools\Binn\;D:\Program Files\Microsoft SQL Server\100\Tools\Binn\;D:\Program Files\Microsoft SQL Server\100\DTS\Binn\;C:\Program Files (x86)\Microsoft SQL Server\100\Tools\Binn\VSShell\Common7\IDE\;C:\Program Files (x86)\Microsoft Visual Studio 9.0\Common7\IDE\PrivateAssemblies\;C:\Program Files (x86)\Microsoft SQL Server\100\DTS\Binn\;D:\Program Files\ATI Technologies\ATI.ACE\Core-Static;C:\Users\zhao xiao qin\Desktop\软件\putty\;C:\Program Files\MySQL\MySQL Server 5.7\bin;D:\apache-maven-3.6.0\bin;D:\jdk\bin;C:\Users\zhao xiao qin\AppData\Local\Microsoft\WindowsApps;C:\Users\zhao xiao qin\AppData\Local\Programs\Python\Python36;
USERNAME=zhao xiao qin
OS=Windows_NT
PROCESSOR_IDENTIFIER=AMD64 Family 22 Model 48 Stepping 1, AuthenticAMD



---------------  S Y S T E M  ---------------

OS: Windows 10.0 , 64 bit Build 16299 (10.0.16299.431)

CPU:total 4 (4 cores per cpu, 1 threads per core) family 22 model 48 stepping 1, cmov, cx8, fxsr, mmx, sse, sse2, sse3, ssse3, sse4.1, sse4.2, popcnt, avx, aes, clmul, mmxext, 3dnowpref, lzcnt, sse4a, tsc, tscinvbit, tscinv, bmi1

Memory: 4k page, physical 7263208k(2116280k free), swap 10014996k(4044k free)

vm_info: Java HotSpot(TM) 64-Bit Server VM (25.121-b13) for windows-amd64 JRE (1.8.0_121-b13), built on Dec 12 2016 18:21:36 by "java_re" with MS VC++ 10.0 (VS2010)

time: Wed Feb 13 14:27:24 2019
elapsed time: 7 seconds (0d 0h 0m 7s)

