#
# There is insufficient memory for the Java Runtime Environment to continue.
# Native memory allocation (malloc) failed to allocate 982576 bytes for Chunk::new
# Possible reasons:
#   The system is out of physical RAM or swap space
#   In 32 bit mode, the process size limit was hit
# Possible solutions:
#   Reduce memory load on the system
#   Increase physical memory or swap space
#   Check if swap backing store is full
#   Use 64 bit Java on a 64 bit OS
#   Decrease Java heap size (-Xmx/-Xms)
#   Decrease number of Java threads
#   Decrease Java thread stack sizes (-Xss)
#   Set larger code cache with -XX:ReservedCodeCacheSize=
# This output file may be truncated or incomplete.
#
#  Out of Memory Error (allocation.cpp:390), pid=83516, tid=0x0000000000013dcc
#
# JRE version: Java(TM) SE Runtime Environment (8.0_121-b13) (build 1.8.0_121-b13)
# Java VM: Java HotSpot(TM) 64-Bit Server VM (25.121-b13 mixed mode windows-amd64 compressed oops)
# Failed to write core dump. Minidumps are not enabled by default on client versions of Windows
#

---------------  T H R E A D  ---------------

Current thread (0x0000000018d03800):  JavaThread "C2 CompilerThread1" daemon [_thread_in_native, id=81356, stack(0x000000001a830000,0x000000001a930000)]

Stack: [0x000000001a830000,0x000000001a930000]
[error occurred during error reporting (printing stack bounds), id 0xc0000005]

Native frames: (J=compiled Java code, j=interpreted, Vv=VM code, C=native code)


Current CompileTask:
C2:  90417 6108   !   4       org.springframework.core.annotation.AnnotatedElementUtils::searchWithFindSemantics (774 bytes)


---------------  P R O C E S S  ---------------

Java Threads: ( => current thread )
  0x000000001cb5d000 JavaThread "http-nio-8080-Acceptor-0" daemon [_thread_in_native, id=82600, stack(0x00000000229a0000,0x0000000022aa0000)]
  0x000000001cb64000 JavaThread "http-nio-8080-ClientPoller-1" daemon [_thread_in_native, id=76608, stack(0x00000000228a0000,0x00000000229a0000)]
  0x000000001cb61000 JavaThread "http-nio-8080-ClientPoller-0" daemon [_thread_in_native, id=83056, stack(0x00000000227a0000,0x00000000228a0000)]
  0x000000001cb60000 JavaThread "http-nio-8080-exec-10" daemon [_thread_blocked, id=78604, stack(0x00000000226a0000,0x00000000227a0000)]
  0x000000001cb63000 JavaThread "http-nio-8080-exec-9" daemon [_thread_blocked, id=83716, stack(0x00000000225a0000,0x00000000226a0000)]
  0x000000001cb62800 JavaThread "http-nio-8080-exec-8" daemon [_thread_blocked, id=80180, stack(0x00000000224a0000,0x00000000225a0000)]
  0x000000001cb5e800 JavaThread "http-nio-8080-exec-7" daemon [_thread_blocked, id=76860, stack(0x00000000223a0000,0x00000000224a0000)]
  0x000000001cb5f800 JavaThread "http-nio-8080-exec-6" daemon [_thread_blocked, id=82524, stack(0x00000000222a0000,0x00000000223a0000)]
  0x000000001ee82000 JavaThread "http-nio-8080-exec-5" daemon [_thread_blocked, id=80652, stack(0x00000000221a0000,0x00000000222a0000)]
  0x000000001a1f5800 JavaThread "http-nio-8080-exec-4" daemon [_thread_blocked, id=81712, stack(0x00000000220a0000,0x00000000221a0000)]
  0x000000001a1f4800 JavaThread "http-nio-8080-exec-3" daemon [_thread_blocked, id=78704, stack(0x0000000021fa0000,0x00000000220a0000)]
  0x000000001a1f4000 JavaThread "http-nio-8080-exec-2" daemon [_thread_blocked, id=80328, stack(0x0000000021ea0000,0x0000000021fa0000)]
  0x000000001ed70800 JavaThread "http-nio-8080-exec-1" daemon [_thread_blocked, id=56520, stack(0x0000000021da0000,0x0000000021ea0000)]
  0x000000001ed70000 JavaThread "NioBlockingSelector.BlockPoller-1" daemon [_thread_in_native, id=83636, stack(0x0000000021ca0000,0x0000000021da0000)]
  0x0000000020136800 JavaThread "container-0" [_thread_blocked, id=83580, stack(0x00000000219a0000,0x0000000021aa0000)]
  0x000000001f29b000 JavaThread "Catalina-utility-1" [_thread_blocked, id=80060, stack(0x00000000218a0000,0x00000000219a0000)]
  0x000000001a195000 JavaThread "Service Thread" daemon [_thread_blocked, id=79360, stack(0x000000001aa30000,0x000000001ab30000)]
  0x0000000018d3c000 JavaThread "C1 CompilerThread2" daemon [_thread_blocked, id=75768, stack(0x000000001a930000,0x000000001aa30000)]
=>0x0000000018d03800 JavaThread "C2 CompilerThread1" daemon [_thread_in_native, id=81356, stack(0x000000001a830000,0x000000001a930000)]
  0x0000000018cf1800 JavaThread "C2 CompilerThread0" daemon [_thread_blocked, id=53308, stack(0x000000001a730000,0x000000001a830000)]
  0x0000000018cf0000 JavaThread "Attach Listener" daemon [_thread_blocked, id=72096, stack(0x000000001a630000,0x000000001a730000)]
  0x000000001a173800 JavaThread "Signal Dispatcher" daemon [_thread_blocked, id=79744, stack(0x000000001a530000,0x000000001a630000)]
  0x0000000018cca000 JavaThread "Finalizer" daemon [_thread_blocked, id=81620, stack(0x0000000019f30000,0x000000001a030000)]
  0x0000000004ab3800 JavaThread "Reference Handler" daemon [_thread_blocked, id=83872, stack(0x0000000019e30000,0x0000000019f30000)]
  0x00000000049be800 JavaThread "main" [_thread_blocked, id=83196, stack(0x00000000048a0000,0x00000000049a0000)]

Other Threads:
  0x0000000018ca9000 VMThread [stack: 0x0000000019d30000,0x0000000019e30000] [id=81912]
  0x000000001a1fc000 WatcherThread [stack: 0x000000001ab30000,0x000000001ac30000] [id=82284]

VM state:not at safepoint (normal execution)

VM Mutex/Monitor currently owned by a thread: None

Heap:
 PSYoungGen      total 174592K, used 152347K [0x00000000db100000, 0x00000000ead00000, 0x0000000100000000)
  eden space 161280K, 94% used [0x00000000db100000,0x00000000e45c6ea0,0x00000000e4e80000)
  from space 13312K, 0% used [0x00000000ea000000,0x00000000ea000000,0x00000000ead00000)
  to   space 16384K, 0% used [0x00000000e8d00000,0x00000000e8d00000,0x00000000e9d00000)
 ParOldGen       total 119808K, used 33859K [0x0000000091200000, 0x0000000098700000, 0x00000000db100000)
  object space 119808K, 28% used [0x0000000091200000,0x0000000093310e48,0x0000000098700000)
 Metaspace       used 47719K, capacity 49658K, committed 49792K, reserved 1093632K
  class space    used 6055K, capacity 6485K, committed 6528K, reserved 1048576K

Card table byte_map: [0x0000000013e80000,0x0000000014200000] byte_map_base: 0x00000000139f7000

Marking Bits: (ParMarkBitMap*) 0x000000006098b6d0
 Begin Bits: [0x0000000014850000, 0x0000000016408000)
 End Bits:   [0x0000000016408000, 0x0000000017fc0000)

Polling page: 0x0000000004460000

CodeCache: size=245760Kb used=18450Kb max_used=18593Kb free=227309Kb
 bounds [0x0000000004ac0000, 0x0000000005d10000, 0x0000000013ac0000]
 total_blobs=5701 nmethods=5227 adapters=387
 compilation: enabled

Compilation events (10 events):
Event: 89.865 Thread 0x0000000018d3c000 6113       3       jdk.internal.org.objectweb.asm.MethodVisitor::visitEnd (15 bytes)
Event: 89.865 Thread 0x0000000018d3c000 nmethod 6113 0x0000000004ea4f10 code [0x0000000004ea5080, 0x0000000004ea52e8]
Event: 89.866 Thread 0x0000000018d3c000 6114       3       org.springframework.util.MimeType::checkToken (74 bytes)
Event: 89.869 Thread 0x0000000018d3c000 nmethod 6114 0x0000000005cf3e90 code [0x0000000005cf4140, 0x0000000005cf54d8]
Event: 89.884 Thread 0x0000000018d3c000 6115       1       org.apache.tomcat.util.http.MimeHeaderField::getName (5 bytes)
Event: 89.884 Thread 0x0000000018d3c000 nmethod 6115 0x000000000581e6d0 code [0x000000000581e820, 0x000000000581e930]
Event: 89.885 Thread 0x0000000018cf1800 6116       4       java.nio.Buffer::hasRemaining (17 bytes)
Event: 89.886 Thread 0x0000000018cf1800 nmethod 6116 0x000000000584d810 code [0x000000000584d940, 0x000000000584d9b8]
Event: 89.905 Thread 0x0000000018d3c000 6117       3       jdk.internal.org.objectweb.asm.ClassWriter::visitEnd (1 bytes)
Event: 89.905 Thread 0x0000000018d3c000 nmethod 6117 0x0000000004eaa950 code [0x0000000004eaaaa0, 0x0000000004eaabf0]

GC Heap History (10 events):
Event: 28.451 GC heap before
{Heap before GC invocations=6 (full 0):
 PSYoungGen      total 61952K, used 61936K [0x00000000db100000, 0x00000000e3900000, 0x0000000100000000)
  eden space 57344K, 100% used [0x00000000db100000,0x00000000de900000,0x00000000de900000)
  from space 4608K, 99% used [0x00000000de900000,0x00000000ded7c020,0x00000000ded80000)
  to   space 12288K, 0% used [0x00000000e2d00000,0x00000000e2d00000,0x00000000e3900000)
 ParOldGen       total 76800K, used 15558K [0x0000000091200000, 0x0000000095d00000, 0x00000000db100000)
  object space 76800K, 20% used [0x0000000091200000,0x0000000092131ad8,0x0000000095d00000)
 Metaspace       used 17118K, capacity 17544K, committed 17792K, reserved 1064960K
  class space    used 2011K, capacity 2154K, committed 2176K, reserved 1048576K
Event: 28.560 GC heap after
Heap after GC invocations=6 (full 0):
 PSYoungGen      total 126976K, used 9433K [0x00000000db100000, 0x00000000e3900000, 0x0000000100000000)
  eden space 114688K, 0% used [0x00000000db100000,0x00000000db100000,0x00000000e2100000)
  from space 12288K, 76% used [0x00000000e2d00000,0x00000000e36365e0,0x00000000e3900000)
  to   space 12288K, 0% used [0x00000000e2100000,0x00000000e2100000,0x00000000e2d00000)
 ParOldGen       total 76800K, used 15566K [0x0000000091200000, 0x0000000095d00000, 0x00000000db100000)
  object space 76800K, 20% used [0x0000000091200000,0x0000000092133ad8,0x0000000095d00000)
 Metaspace       used 17118K, capacity 17544K, committed 17792K, reserved 1064960K
  class space    used 2011K, capacity 2154K, committed 2176K, reserved 1048576K
}
Event: 38.397 GC heap before
{Heap before GC invocations=7 (full 0):
 PSYoungGen      total 126976K, used 92848K [0x00000000db100000, 0x00000000e3900000, 0x0000000100000000)
  eden space 114688K, 72% used [0x00000000db100000,0x00000000e0275ac8,0x00000000e2100000)
  from space 12288K, 76% used [0x00000000e2d00000,0x00000000e36365e0,0x00000000e3900000)
  to   space 12288K, 0% used [0x00000000e2100000,0x00000000e2100000,0x00000000e2d00000)
 ParOldGen       total 76800K, used 15566K [0x0000000091200000, 0x0000000095d00000, 0x00000000db100000)
  object space 76800K, 20% used [0x0000000091200000,0x0000000092133ad8,0x0000000095d00000)
 Metaspace       used 20572K, capacity 21172K, committed 21296K, reserved 1069056K
  class space    used 2423K, capacity 2626K, committed 2688K, reserved 1048576K
Event: 38.458 GC heap after
Heap after GC invocations=7 (full 0):
 PSYoungGen      total 126976K, used 12260K [0x00000000db100000, 0x00000000eaf00000, 0x0000000100000000)
  eden space 114688K, 0% used [0x00000000db100000,0x00000000db100000,0x00000000e2100000)
  from space 12288K, 99% used [0x00000000e2100000,0x00000000e2cf9368,0x00000000e2d00000)
  to   space 15360K, 0% used [0x00000000ea000000,0x00000000ea000000,0x00000000eaf00000)
 ParOldGen       total 76800K, used 18226K [0x0000000091200000, 0x0000000095d00000, 0x00000000db100000)
  object space 76800K, 23% used [0x0000000091200000,0x00000000923cc820,0x0000000095d00000)
 Metaspace       used 20572K, capacity 21172K, committed 21296K, reserved 1069056K
  class space    used 2423K, capacity 2626K, committed 2688K, reserved 1048576K
}
Event: 38.458 GC heap before
{Heap before GC invocations=8 (full 1):
 PSYoungGen      total 126976K, used 12260K [0x00000000db100000, 0x00000000eaf00000, 0x0000000100000000)
  eden space 114688K, 0% used [0x00000000db100000,0x00000000db100000,0x00000000e2100000)
  from space 12288K, 99% used [0x00000000e2100000,0x00000000e2cf9368,0x00000000e2d00000)
  to   space 15360K, 0% used [0x00000000ea000000,0x00000000ea000000,0x00000000eaf00000)
 ParOldGen       total 76800K, used 18226K [0x0000000091200000, 0x0000000095d00000, 0x00000000db100000)
  object space 76800K, 23% used [0x0000000091200000,0x00000000923cc820,0x0000000095d00000)
 Metaspace       used 20572K, capacity 21172K, committed 21296K, reserved 1069056K
  class space    used 2423K, capacity 2626K, committed 2688K, reserved 1048576K
Event: 39.090 GC heap after
Heap after GC invocations=8 (full 1):
 PSYoungGen      total 126976K, used 0K [0x00000000db100000, 0x00000000eaf00000, 0x0000000100000000)
  eden space 114688K, 0% used [0x00000000db100000,0x00000000db100000,0x00000000e2100000)
  from space 12288K, 0% used [0x00000000e2100000,0x00000000e2100000,0x00000000e2d00000)
  to   space 15360K, 0% used [0x00000000ea000000,0x00000000ea000000,0x00000000eaf00000)
 ParOldGen       total 76288K, used 24026K [0x0000000091200000, 0x0000000095c80000, 0x00000000db100000)
  object space 76288K, 31% used [0x0000000091200000,0x0000000092976ae0,0x0000000095c80000)
 Metaspace       used 20572K, capacity 21172K, committed 21296K, reserved 1069056K
  class space    used 2423K, capacity 2626K, committed 2688K, reserved 1048576K
}
Event: 47.894 GC heap before
{Heap before GC invocations=9 (full 1):
 PSYoungGen      total 126976K, used 86846K [0x00000000db100000, 0x00000000eaf00000, 0x0000000100000000)
  eden space 114688K, 75% used [0x00000000db100000,0x00000000e05cf8f8,0x00000000e2100000)
  from space 12288K, 0% used [0x00000000e2100000,0x00000000e2100000,0x00000000e2d00000)
  to   space 15360K, 0% used [0x00000000ea000000,0x00000000ea000000,0x00000000eaf00000)
 ParOldGen       total 76288K, used 24026K [0x0000000091200000, 0x0000000095c80000, 0x00000000db100000)
  object space 76288K, 31% used [0x0000000091200000,0x0000000092976ae0,0x0000000095c80000)
 Metaspace       used 34421K, capacity 35354K, committed 35496K, reserved 1081344K
  class space    used 4299K, capacity 4567K, committed 4608K, reserved 1048576K
Event: 47.948 GC heap after
Heap after GC invocations=9 (full 1):
 PSYoungGen      total 174592K, used 13306K [0x00000000db100000, 0x00000000ead00000, 0x0000000100000000)
  eden space 161280K, 0% used [0x00000000db100000,0x00000000db100000,0x00000000e4e80000)
  from space 13312K, 99% used [0x00000000ea000000,0x00000000eacfe8a0,0x00000000ead00000)
  to   space 16384K, 0% used [0x00000000e8d00000,0x00000000e8d00000,0x00000000e9d00000)
 ParOldGen       total 76288K, used 24098K [0x0000000091200000, 0x0000000095c80000, 0x00000000db100000)
  object space 76288K, 31% used [0x0000000091200000,0x0000000092988af0,0x0000000095c80000)
 Metaspace       used 34421K, capacity 35354K, committed 35496K, reserved 1081344K
  class space    used 4299K, capacity 4567K, committed 4608K, reserved 1048576K
}
Event: 47.948 GC heap before
{Heap before GC invocations=10 (full 2):
 PSYoungGen      total 174592K, used 13306K [0x00000000db100000, 0x00000000ead00000, 0x0000000100000000)
  eden space 161280K, 0% used [0x00000000db100000,0x00000000db100000,0x00000000e4e80000)
  from space 13312K, 99% used [0x00000000ea000000,0x00000000eacfe8a0,0x00000000ead00000)
  to   space 16384K, 0% used [0x00000000e8d00000,0x00000000e8d00000,0x00000000e9d00000)
 ParOldGen       total 76288K, used 24098K [0x0000000091200000, 0x0000000095c80000, 0x00000000db100000)
  object space 76288K, 31% used [0x0000000091200000,0x0000000092988af0,0x0000000095c80000)
 Metaspace       used 34421K, capacity 35354K, committed 35496K, reserved 1081344K
  class space    used 4299K, capacity 4567K, committed 4608K, reserved 1048576K
Event: 48.402 GC heap after
Heap after GC invocations=10 (full 2):
 PSYoungGen      total 174592K, used 0K [0x00000000db100000, 0x00000000ead00000, 0x0000000100000000)
  eden space 161280K, 0% used [0x00000000db100000,0x00000000db100000,0x00000000e4e80000)
  from space 13312K, 0% used [0x00000000ea000000,0x00000000ea000000,0x00000000ead00000)
  to   space 16384K, 0% used [0x00000000e8d00000,0x00000000e8d00000,0x00000000e9d00000)
 ParOldGen       total 119808K, used 33859K [0x0000000091200000, 0x0000000098700000, 0x00000000db100000)
  object space 119808K, 28% used [0x0000000091200000,0x0000000093310e48,0x0000000098700000)
 Metaspace       used 34421K, capacity 35354K, committed 35496K, reserved 1081344K
  class space    used 4299K, capacity 4567K, committed 4608K, reserved 1048576K
}

Deoptimization events (10 events):
Event: 70.767 Thread 0x000000001d139000 Uncommon trap: reason=class_check action=maybe_recompile pc=0x0000000004bdeacc method=java.util.Collections$UnmodifiableMap.isEmpty()Z @ 4
Event: 70.768 Thread 0x000000001d139000 Uncommon trap: reason=unstable_if action=reinterpret pc=0x0000000004e3c494 method=org.springframework.util.ConcurrentReferenceHashMap$Segment.clear()V @ 4
Event: 71.331 Thread 0x000000001d139000 Uncommon trap: reason=bimorphic action=maybe_recompile pc=0x00000000052087c8 method=java.util.Hashtable.get(Ljava/lang/Object;)Ljava/lang/Object; @ 6
Event: 71.331 Thread 0x000000001d139000 Uncommon trap: reason=bimorphic action=maybe_recompile pc=0x00000000052087c8 method=java.util.Hashtable.get(Ljava/lang/Object;)Ljava/lang/Object; @ 6
Event: 89.842 Thread 0x000000001a1f4000 Uncommon trap: reason=class_check action=maybe_recompile pc=0x0000000004bdeacc method=java.util.Collections$UnmodifiableMap.isEmpty()Z @ 4
Event: 89.844 Thread 0x000000001a1f4000 Uncommon trap: reason=bimorphic action=maybe_recompile pc=0x000000000567567c method=java.util.AbstractList$Itr.next()Ljava/lang/Object; @ 14
Event: 89.885 Thread 0x000000001a1f4000 Uncommon trap: reason=bimorphic action=maybe_recompile pc=0x0000000005bbcd94 method=java.nio.charset.CharsetEncoder.encode(Ljava/nio/CharBuffer;Ljava/nio/ByteBuffer;Z)Ljava/nio/charset/CoderResult; @ 57
Event: 89.885 Thread 0x000000001a1f4000 Uncommon trap: reason=bimorphic action=maybe_recompile pc=0x0000000005bbcd94 method=java.nio.charset.CharsetEncoder.encode(Ljava/nio/CharBuffer;Ljava/nio/ByteBuffer;Z)Ljava/nio/charset/CoderResult; @ 57
Event: 89.886 Thread 0x000000001a1f4000 Uncommon trap: reason=bimorphic action=maybe_recompile pc=0x0000000005bbcd94 method=java.nio.charset.CharsetEncoder.encode(Ljava/nio/CharBuffer;Ljava/nio/ByteBuffer;Z)Ljava/nio/charset/CoderResult; @ 57
Event: 89.886 Thread 0x000000001a1f4000 Uncommon trap: reason=bimorphic action=maybe_recompile pc=0x0000000005bbcd94 method=java.nio.charset.CharsetEncoder.encode(Ljava/nio/CharBuffer;Ljava/nio/ByteBuffer;Z)Ljava/nio/charset/CoderResult; @ 57

Internal exceptions (10 events):
Event: 67.507 Thread 0x000000001d139000 Exception <a 'java/lang/ClassNotFoundException': org/springframework/boot/autoconfigure/web/servlet/WebMvcAutoConfiguration$EnableWebMvcConfiguration$$EnhancerBySpringCGLIB$$9db4db4cCustomizer> (0x00000000e1992a38) thrown at [C:\re\workspace\8-2-build-win
Event: 67.514 Thread 0x000000001d139000 Exception <a 'java/lang/ClassNotFoundException': org/springframework/context/annotation/ConfigurationClassEnhancer$EnhancedConfigurationCustomizer> (0x00000000e19c5bf0) thrown at [C:\re\workspace\8-2-build-windows-amd64-cygwin\jdk8u121\8372\hotspot\src\sh
Event: 67.517 Thread 0x000000001d139000 Exception <a 'java/lang/ClassNotFoundException': org/springframework/beans/factory/BeanFactoryAwareCustomizer> (0x00000000e19d3968) thrown at [C:\re\workspace\8-2-build-windows-amd64-cygwin\jdk8u121\8372\hotspot\src\share\vm\classfile\systemDictionary.cpp
Event: 67.519 Thread 0x000000001d139000 Exception <a 'java/lang/ClassNotFoundException': org/springframework/beans/factory/AwareCustomizer> (0x00000000e19e1220) thrown at [C:\re\workspace\8-2-build-windows-amd64-cygwin\jdk8u121\8372\hotspot\src\share\vm\classfile\systemDictionary.cpp, line 210]
Event: 67.521 Thread 0x000000001d139000 Exception <a 'java/lang/ClassNotFoundException': org/springframework/context/ApplicationContextAwareCustomizer> (0x00000000e19ef080) thrown at [C:\re\workspace\8-2-build-windows-amd64-cygwin\jdk8u121\8372\hotspot\src\share\vm\classfile\systemDictionary.cp
Event: 67.522 Thread 0x000000001d139000 Exception <a 'java/lang/ClassNotFoundException': org/springframework/beans/factory/AwareCustomizer> (0x00000000e19fc910) thrown at [C:\re\workspace\8-2-build-windows-amd64-cygwin\jdk8u121\8372\hotspot\src\share\vm\classfile\systemDictionary.cpp, line 210]
Event: 67.524 Thread 0x000000001d139000 Exception <a 'java/lang/ClassNotFoundException': org/springframework/web/context/ServletContextAwareCustomizer> (0x00000000e1a0a840) thrown at [C:\re\workspace\8-2-build-windows-amd64-cygwin\jdk8u121\8372\hotspot\src\share\vm\classfile\systemDictionary.cp
Event: 67.526 Thread 0x000000001d139000 Exception <a 'java/lang/ClassNotFoundException': org/springframework/beans/factory/AwareCustomizer> (0x00000000e1a17b40) thrown at [C:\re\workspace\8-2-build-windows-amd64-cygwin\jdk8u121\8372\hotspot\src\share\vm\classfile\systemDictionary.cpp, line 210]
Event: 67.526 Thread 0x000000001d139000 Implicit null exception at 0x000000000505c94c to 0x000000000505c9c1
Event: 89.843 Thread 0x000000001a1f4000 Exception <a 'java/lang/NoSuchMethodError': java.lang.Object.lambda$thenComparing$36697e65$1(Ljava/util/Comparator;Ljava/lang/Object;Ljava/lang/Object;)I> (0x00000000e445e4c0) thrown at [C:\re\workspace\8-2-build-windows-amd64-cygwin\jdk8u121\8372\hotspot

Events (10 events):
Event: 89.893 loading class org/apache/tomcat/util/net/NioBlockingSelector$BlockPoller$RunnableRemove
Event: 89.893 loading class org/apache/tomcat/util/net/NioBlockingSelector$BlockPoller$RunnableRemove done
Event: 89.895 Executing VM operation: RevokeBias
Event: 89.895 Executing VM operation: RevokeBias done
Event: 89.899 loading class org/springframework/web/context/request/WebRequest
Event: 89.899 loading class org/springframework/web/context/request/WebRequest done
Event: 89.903 loading class org/springframework/web/method/annotation/SessionAttributesHandler
Event: 89.903 loading class org/springframework/web/method/annotation/SessionAttributesHandler done
Event: 89.939 Executing VM operation: RevokeBias
Event: 89.939 Executing VM operation: RevokeBias done


Dynamic libraries:
0x00007ff772020000 - 0x00007ff772057000 	D:\jdk\bin\java.exe
0x00007ffeb84e0000 - 0x00007ffeb86c0000 	C:\WINDOWS\SYSTEM32\ntdll.dll
0x00007ffeb82d0000 - 0x00007ffeb837e000 	C:\WINDOWS\System32\KERNEL32.DLL
0x00007ffeb4b80000 - 0x00007ffeb4de6000 	C:\WINDOWS\System32\KERNELBASE.dll
0x00007ffeb65d0000 - 0x00007ffeb6671000 	C:\WINDOWS\System32\ADVAPI32.dll
0x00007ffeb8410000 - 0x00007ffeb84ad000 	C:\WINDOWS\System32\msvcrt.dll
0x00007ffeb8040000 - 0x00007ffeb809b000 	C:\WINDOWS\System32\sechost.dll
0x00007ffeb80a0000 - 0x00007ffeb81bf000 	C:\WINDOWS\System32\RPCRT4.dll
0x00007ffeb5c10000 - 0x00007ffeb5d9f000 	C:\WINDOWS\System32\USER32.dll
0x00007ffeb4b60000 - 0x00007ffeb4b80000 	C:\WINDOWS\System32\win32u.dll
0x00007ffeb5da0000 - 0x00007ffeb5dc8000 	C:\WINDOWS\System32\GDI32.dll
0x00007ffeb56e0000 - 0x00007ffeb5873000 	C:\WINDOWS\System32\gdi32full.dll
0x00007ffeb5640000 - 0x00007ffeb56db000 	C:\WINDOWS\System32\msvcp_win.dll
0x00007ffeb4df0000 - 0x00007ffeb4ee5000 	C:\WINDOWS\System32\ucrtbase.dll
0x00007ffea7b40000 - 0x00007ffea7da9000 	C:\WINDOWS\WinSxS\amd64_microsoft.windows.common-controls_6595b64144ccf1df_6.0.16299.847_none_15cddd1e93602b6a\COMCTL32.dll
0x00007ffeb66f0000 - 0x00007ffeb69f6000 	C:\WINDOWS\System32\combase.dll
0x00007ffeb58d0000 - 0x00007ffeb5942000 	C:\WINDOWS\System32\bcryptPrimitives.dll
0x00007ffeb8380000 - 0x00007ffeb83ad000 	C:\WINDOWS\System32\IMM32.DLL
0x0000000060a10000 - 0x0000000060ae2000 	D:\jdk\jre\bin\msvcr100.dll
0x0000000060170000 - 0x0000000060a0b000 	D:\jdk\jre\bin\server\jvm.dll
0x00007ffeb6a00000 - 0x00007ffeb6a08000 	C:\WINDOWS\System32\PSAPI.DLL
0x00007ffe9f250000 - 0x00007ffe9f259000 	C:\WINDOWS\SYSTEM32\WSOCK32.dll
0x00007ffeb1380000 - 0x00007ffeb13a3000 	C:\WINDOWS\SYSTEM32\WINMM.dll
0x00007ffeb6680000 - 0x00007ffeb66ec000 	C:\WINDOWS\System32\WS2_32.dll
0x00007ffeb1320000 - 0x00007ffeb134a000 	C:\WINDOWS\SYSTEM32\WINMMBASE.dll
0x00007ffeb5880000 - 0x00007ffeb58ca000 	C:\WINDOWS\System32\cfgmgr32.dll
0x00007ffeabde0000 - 0x00007ffeabdea000 	C:\WINDOWS\SYSTEM32\VERSION.dll
0x0000000060160000 - 0x000000006016f000 	D:\jdk\jre\bin\verify.dll
0x0000000060130000 - 0x0000000060159000 	D:\jdk\jre\bin\java.dll
0x0000000060110000 - 0x0000000060126000 	D:\jdk\jre\bin\zip.dll
0x00007ffeb6a30000 - 0x00007ffeb7e68000 	C:\WINDOWS\System32\SHELL32.dll
0x00007ffeb60c0000 - 0x00007ffeb6166000 	C:\WINDOWS\System32\shcore.dll
0x00007ffeb4ef0000 - 0x00007ffeb5637000 	C:\WINDOWS\System32\windows.storage.dll
0x00007ffeb59b0000 - 0x00007ffeb5a01000 	C:\WINDOWS\System32\shlwapi.dll
0x00007ffeb48a0000 - 0x00007ffeb48b1000 	C:\WINDOWS\System32\kernel.appcore.dll
0x00007ffeb4830000 - 0x00007ffeb487c000 	C:\WINDOWS\System32\powrprof.dll
0x00007ffeb48c0000 - 0x00007ffeb48db000 	C:\WINDOWS\System32\profapi.dll
0x00007ffeb0460000 - 0x00007ffeb046a000 	D:\apache-maven-3.6.0\lib\jansi-native\windows64\jansi.dll
0x00000000600c0000 - 0x00000000600da000 	D:\jdk\jre\bin\net.dll
0x00007ffeb40c0000 - 0x00007ffeb4126000 	C:\WINDOWS\system32\mswsock.dll
0x0000000060090000 - 0x00000000600a1000 	D:\jdk\jre\bin\nio.dll
0x0000000060100000 - 0x000000006010d000 	D:\jdk\jre\bin\management.dll
0x00007ffe97e10000 - 0x00007ffe97e3f000 	C:\Program Files (x86)\Sangfor\SSL\ClientComponent\1_SangforNspX64.dll
0x00007ffeb5dd0000 - 0x00007ffeb5f19000 	C:\WINDOWS\System32\ole32.dll
0x00007ffeb5b40000 - 0x00007ffeb5c05000 	C:\WINDOWS\System32\OLEAUT32.dll
0x00007ffe97df0000 - 0x00007ffe97e06000 	C:\WINDOWS\system32\napinsp.dll
0x00007ffe97dd0000 - 0x00007ffe97dea000 	C:\WINDOWS\system32\pnrpnsp.dll
0x00007ffeb0da0000 - 0x00007ffeb0db8000 	C:\WINDOWS\system32\NLAapi.dll
0x00007ffeb3e90000 - 0x00007ffeb3f46000 	C:\WINDOWS\SYSTEM32\DNSAPI.dll
0x00007ffeb6170000 - 0x00007ffeb6178000 	C:\WINDOWS\System32\NSI.dll
0x00007ffeb3e50000 - 0x00007ffeb3e89000 	C:\WINDOWS\SYSTEM32\IPHLPAPI.DLL
0x00007ffea13c0000 - 0x00007ffea13ce000 	C:\WINDOWS\System32\winrnr.dll
0x00007ffe97db0000 - 0x00007ffe97dc5000 	C:\WINDOWS\System32\wshbth.dll
0x0000000061b50000 - 0x0000000061b76000 	C:\Program Files\Bonjour\mdnsNSP.dll
0x00007ffea7810000 - 0x00007ffea798b000 	C:\Program Files (x86)\Sangfor\SSL\ClientComponent\1_SangforTcpX64.dll
0x00007ffeb5950000 - 0x00007ffeb59a8000 	C:\WINDOWS\System32\WINTRUST.dll
0x00007ffeb4880000 - 0x00007ffeb4892000 	C:\WINDOWS\System32\MSASN1.dll
0x00007ffeb4990000 - 0x00007ffeb4b5e000 	C:\WINDOWS\System32\CRYPT32.dll
0x00007ffea89b0000 - 0x00007ffea89ba000 	C:\Windows\System32\rasadhlp.dll
0x00007ffea89d0000 - 0x00007ffea8a40000 	C:\WINDOWS\System32\fwpuclnt.dll
0x00007ffeb4390000 - 0x00007ffeb43b5000 	C:\WINDOWS\SYSTEM32\bcrypt.dll
0x00007ffeb4280000 - 0x00007ffeb4297000 	C:\WINDOWS\SYSTEM32\CRYPTSP.dll
0x00007ffeb3cc0000 - 0x00007ffeb3cf3000 	C:\WINDOWS\system32\rsaenh.dll
0x00007ffeb4730000 - 0x00007ffeb4759000 	C:\WINDOWS\SYSTEM32\USERENV.dll
0x00007ffeb42a0000 - 0x00007ffeb42ab000 	C:\WINDOWS\SYSTEM32\CRYPTBASE.dll
0x00007ffeae120000 - 0x00007ffeae136000 	C:\WINDOWS\SYSTEM32\dhcpcsvc6.DLL
0x00007ffeae100000 - 0x00007ffeae11a000 	C:\WINDOWS\SYSTEM32\dhcpcsvc.DLL
0x0000000180000000 - 0x000000018020f000 	D:\tomcat\bin\tcnative-1.dll

VM Arguments:
jvm_args: -Dclassworlds.conf=D:\apache-maven-3.6.0\bin\..\bin\m2.conf -Dmaven.home=D:\apache-maven-3.6.0\bin\.. -Dlibrary.jansi.path=D:\apache-maven-3.6.0\bin\..\lib\jansi-native -Dmaven.multiModuleProjectDirectory=C:\Users\zhao xiao qin\Desktop\程序文件\SpringBoot\SecondSpring 
java_command: org.codehaus.plexus.classworlds.launcher.Launcher spring-boot:run
java_class_path (initial): D:\apache-maven-3.6.0\bin\..\boot\plexus-classworlds-2.5.2.jar
Launcher Type: SUN_STANDARD

Environment Variables:
JAVA_HOME=D:\jdk
CLASSPATH=D:\jdk\jre\lib\ext\sqljdbc4.jar;D:\tomcat\common\lib\servlet-api.jar;
PATH=C:\Users\zhao xiao qin\AppData\Local\Programs\Python\Python36;C:\windows\system32;C:\windows;C:\windows\SystemRoot%\system32;C:\WINDOWS;C:\WINDOWS\system32\WBEM;D:\tomcat\bin;"D:\tomcat\lib;";C:\Program Files\Microsoft SQL Server\130\Tools\Binn\;D:\apache-ant-1.9.11\bin;C:\Program Files (x86)\NVIDIA Corporation\PhysX\Common;D:\Matlab2016b\runtime\win64;D:\Matlab2016b\bin;D:\Matlab2016b\polyspace\bin;C:\Users\zhao xiao qin\AppData\Local\Programs\Python\Python36\Scripts;D:\AndroidSDK\tools;D:\AndroidSDK\platform-tools;;C:\Program Files (x86)\Microsoft SQL Server\100\Tools\Binn\;D:\Program Files\Microsoft SQL Server\100\Tools\Binn\;D:\Program Files\Microsoft SQL Server\100\DTS\Binn\;C:\Program Files (x86)\Microsoft SQL Server\100\Tools\Binn\VSShell\Common7\IDE\;C:\Program Files (x86)\Microsoft Visual Studio 9.0\Common7\IDE\PrivateAssemblies\;C:\Program Files (x86)\Microsoft SQL Server\100\DTS\Binn\;D:\Program Files\ATI Technologies\ATI.ACE\Core-Static;C:\Users\zhao xiao qin\Desktop\软件\putty\;C:\Program Files\MySQL\MySQL Server 5.7\bin;D:\apache-maven-3.6.0\bin;D:\jdk\bin;C:\Users\zhao xiao qin\AppData\Local\Microsoft\WindowsApps;C:\Users\zhao xiao qin\AppData\Local\Programs\Python\Python36;
USERNAME=zhao xiao qin
OS=Windows_NT
PROCESSOR_IDENTIFIER=AMD64 Family 22 Model 48 Stepping 1, AuthenticAMD



---------------  S Y S T E M  ---------------

OS: Windows 10.0 , 64 bit Build 16299 (10.0.16299.431)

CPU:total 4 (4 cores per cpu, 1 threads per core) family 22 model 48 stepping 1, cmov, cx8, fxsr, mmx, sse, sse2, sse3, ssse3, sse4.1, sse4.2, popcnt, avx, aes, clmul, mmxext, 3dnowpref, lzcnt, sse4a, tsc, tscinvbit, tscinv, bmi1

Memory: 4k page, physical 7263208k(1052180k free), swap 10014996k(5452k free)

vm_info: Java HotSpot(TM) 64-Bit Server VM (25.121-b13) for windows-amd64 JRE (1.8.0_121-b13), built on Dec 12 2016 18:21:36 by "java_re" with MS VC++ 10.0 (VS2010)

time: Wed Feb 13 14:10:35 2019
elapsed time: 90 seconds (0d 0h 1m 30s)

