#
# There is insufficient memory for the Java Runtime Environment to continue.
# Native memory allocation (malloc) failed to allocate 258400 bytes for Chunk::new
# Possible reasons:
#   The system is out of physical RAM or swap space
#   In 32 bit mode, the process size limit was hit
# Possible solutions:
#   Reduce memory load on the system
#   Increase physical memory or swap space
#   Check if swap backing store is full
#   Use 64 bit Java on a 64 bit OS
#   Decrease Java heap size (-Xmx/-Xms)
#   Decrease number of Java threads
#   Decrease Java thread stack sizes (-Xss)
#   Set larger code cache with -XX:ReservedCodeCacheSize=
# This output file may be truncated or incomplete.
#
#  Out of Memory Error (allocation.cpp:390), pid=81524, tid=0x00000000000149c4
#
# JRE version: Java(TM) SE Runtime Environment (8.0_121-b13) (build 1.8.0_121-b13)
# Java VM: Java HotSpot(TM) 64-Bit Server VM (25.121-b13 mixed mode windows-amd64 compressed oops)
# Failed to write core dump. Minidumps are not enabled by default on client versions of Windows
#

---------------  T H R E A D  ---------------

Current thread (0x00000000191eb000):  JavaThread "C2 CompilerThread0" daemon [_thread_in_native, id=84420, stack(0x000000001abf0000,0x000000001acf0000)]

Stack: [0x000000001abf0000,0x000000001acf0000]
[error occurred during error reporting (printing stack bounds), id 0xc0000005]

Native frames: (J=compiled Java code, j=interpreted, Vv=VM code, C=native code)


Current CompileTask:
C2:   6785 1787       4       org.apache.maven.model.interpolation.StringSearchModelInterpolator$InterpolateObjectAction::traverseObjectWithParents (49 bytes)


---------------  P R O C E S S  ---------------

Java Threads: ( => current thread )
  0x000000001a674000 JavaThread "Service Thread" daemon [_thread_blocked, id=84600, stack(0x000000001aef0000,0x000000001aff0000)]
  0x000000001a64b800 JavaThread "C1 CompilerThread2" daemon [_thread_blocked, id=84784, stack(0x000000001adf0000,0x000000001aef0000)]
  0x000000001a63d800 JavaThread "C2 CompilerThread1" daemon [_thread_blocked, id=84088, stack(0x000000001acf0000,0x000000001adf0000)]
=>0x00000000191eb000 JavaThread "C2 CompilerThread0" daemon [_thread_in_native, id=84420, stack(0x000000001abf0000,0x000000001acf0000)]
  0x00000000191ea000 JavaThread "Attach Listener" daemon [_thread_blocked, id=84484, stack(0x000000001aaf0000,0x000000001abf0000)]
  0x000000001919f800 JavaThread "Signal Dispatcher" daemon [_thread_blocked, id=84552, stack(0x000000001a9f0000,0x000000001aaf0000)]
  0x000000001917a800 JavaThread "Finalizer" daemon [_thread_blocked, id=84096, stack(0x000000001a3f0000,0x000000001a4f0000)]
  0x0000000004f62000 JavaThread "Reference Handler" daemon [_thread_blocked, id=79160, stack(0x000000001a2f0000,0x000000001a3f0000)]
  0x00000000031ee800 JavaThread "main" [_thread_in_vm, id=78168, stack(0x0000000004d70000,0x0000000004e70000)]

Other Threads:
  0x0000000004f5c000 VMThread [stack: 0x000000001a1f0000,0x000000001a2f0000] [id=83132]
  0x000000001a6bf800 WatcherThread [stack: 0x000000001aff0000,0x000000001b0f0000] [id=84608]

VM state:not at safepoint (normal execution)

VM Mutex/Monitor currently owned by a thread: None

Heap:
 PSYoungGen      total 33280K, used 8110K [0x00000000db100000, 0x00000000dd600000, 0x0000000100000000)
  eden space 28672K, 12% used [0x00000000db100000,0x00000000db473b98,0x00000000dcd00000)
  from space 4608K, 99% used [0x00000000dcd00000,0x00000000dd178050,0x00000000dd180000)
  to   space 4608K, 0% used [0x00000000dd180000,0x00000000dd180000,0x00000000dd600000)
 ParOldGen       total 76800K, used 5674K [0x0000000091200000, 0x0000000095d00000, 0x00000000db100000)
  object space 76800K, 7% used [0x0000000091200000,0x000000009178ab88,0x0000000095d00000)
 Metaspace       used 14661K, capacity 14966K, committed 15232K, reserved 1062912K
  class space    used 1802K, capacity 1907K, committed 1920K, reserved 1048576K

Card table byte_map: [0x0000000014330000,0x00000000146b0000] byte_map_base: 0x0000000013ea7000

Marking Bits: (ParMarkBitMap*) 0x000000006098b6d0
 Begin Bits: [0x0000000014d00000, 0x00000000168b8000)
 End Bits:   [0x00000000168b8000, 0x0000000018470000)

Polling page: 0x0000000003160000

CodeCache: size=245760Kb used=6054Kb max_used=6066Kb free=239705Kb
 bounds [0x0000000004f70000, 0x0000000005570000, 0x0000000013f70000]
 total_blobs=2139 nmethods=1789 adapters=263
 compilation: enabled

Compilation events (10 events):
Event: 6.647 Thread 0x000000001a64b800 nmethod 1786 0x000000000555b4d0 code [0x000000000555b6c0, 0x000000000555c138]
Event: 6.647 Thread 0x00000000191eb000 1787       4       org.apache.maven.model.interpolation.StringSearchModelInterpolator$InterpolateObjectAction::traverseObjectWithParents (49 bytes)
Event: 6.647 Thread 0x000000001a63d800 1788       4       org.apache.maven.model.interpolation.StringSearchModelInterpolator$InterpolateObjectAction::getCacheEntry (39 bytes)
Event: 6.648 Thread 0x000000001a64b800 1790       3       org.codehaus.plexus.interpolation.reflection.ReflectionValueExtractor$Tokenizer::peekChar (30 bytes)
Event: 6.649 Thread 0x000000001a64b800 nmethod 1790 0x000000000555ac10 code [0x000000000555ada0, 0x000000000555b268]
Event: 6.703 Thread 0x000000001a63d800 nmethod 1788 0x0000000005560890 code [0x0000000005560b00, 0x0000000005561a80]
Event: 6.704 Thread 0x000000001a63d800 1791       4       org.apache.maven.model.interpolation.StringSearchModelInterpolator$InterpolateObjectAction$CacheItem::interpolate (39 bytes)
Event: 6.717 Thread 0x000000001a63d800 nmethod 1791 0x0000000005562890 code [0x0000000005562a00, 0x0000000005563028]
Event: 6.717 Thread 0x000000001a63d800 1789       4       java.util.WeakHashMap::indexFor (6 bytes)
Event: 6.717 Thread 0x000000001a63d800 nmethod 1789 0x0000000005072a50 code [0x0000000005072b80, 0x0000000005072bb8]

GC Heap History (6 events):
Event: 2.443 GC heap before
{Heap before GC invocations=1 (full 0):
 PSYoungGen      total 33280K, used 28672K [0x00000000db100000, 0x00000000dd600000, 0x0000000100000000)
  eden space 28672K, 100% used [0x00000000db100000,0x00000000dcd00000,0x00000000dcd00000)
  from space 4608K, 0% used [0x00000000dd180000,0x00000000dd180000,0x00000000dd600000)
  to   space 4608K, 0% used [0x00000000dcd00000,0x00000000dcd00000,0x00000000dd180000)
 ParOldGen       total 76800K, used 0K [0x0000000091200000, 0x0000000095d00000, 0x00000000db100000)
  object space 76800K, 0% used [0x0000000091200000,0x0000000091200000,0x0000000095d00000)
 Metaspace       used 8068K, capacity 8264K, committed 8576K, reserved 1056768K
  class space    used 977K, capacity 1052K, committed 1152K, reserved 1048576K
Event: 2.456 GC heap after
Heap after GC invocations=1 (full 0):
 PSYoungGen      total 33280K, used 4590K [0x00000000db100000, 0x00000000dd600000, 0x0000000100000000)
  eden space 28672K, 0% used [0x00000000db100000,0x00000000db100000,0x00000000dcd00000)
  from space 4608K, 99% used [0x00000000dcd00000,0x00000000dd17bbe0,0x00000000dd180000)
  to   space 4608K, 0% used [0x00000000dd180000,0x00000000dd180000,0x00000000dd600000)
 ParOldGen       total 76800K, used 766K [0x0000000091200000, 0x0000000095d00000, 0x00000000db100000)
  object space 76800K, 0% used [0x0000000091200000,0x00000000912bf9f8,0x0000000095d00000)
 Metaspace       used 8068K, capacity 8264K, committed 8576K, reserved 1056768K
  class space    used 977K, capacity 1052K, committed 1152K, reserved 1048576K
}
Event: 3.882 GC heap before
{Heap before GC invocations=2 (full 0):
 PSYoungGen      total 33280K, used 33262K [0x00000000db100000, 0x00000000dd600000, 0x0000000100000000)
  eden space 28672K, 100% used [0x00000000db100000,0x00000000dcd00000,0x00000000dcd00000)
  from space 4608K, 99% used [0x00000000dcd00000,0x00000000dd17bbe0,0x00000000dd180000)
  to   space 4608K, 0% used [0x00000000dd180000,0x00000000dd180000,0x00000000dd600000)
 ParOldGen       total 76800K, used 766K [0x0000000091200000, 0x0000000095d00000, 0x00000000db100000)
  object space 76800K, 0% used [0x0000000091200000,0x00000000912bf9f8,0x0000000095d00000)
 Metaspace       used 10836K, capacity 11018K, committed 11264K, reserved 1058816K
  class space    used 1335K, capacity 1415K, committed 1536K, reserved 1048576K
Event: 3.895 GC heap after
Heap after GC invocations=2 (full 0):
 PSYoungGen      total 33280K, used 4584K [0x00000000db100000, 0x00000000dd600000, 0x0000000100000000)
  eden space 28672K, 0% used [0x00000000db100000,0x00000000db100000,0x00000000dcd00000)
  from space 4608K, 99% used [0x00000000dd180000,0x00000000dd5fa2a0,0x00000000dd600000)
  to   space 4608K, 0% used [0x00000000dcd00000,0x00000000dcd00000,0x00000000dd180000)
 ParOldGen       total 76800K, used 2262K [0x0000000091200000, 0x0000000095d00000, 0x00000000db100000)
  object space 76800K, 2% used [0x0000000091200000,0x0000000091435b58,0x0000000095d00000)
 Metaspace       used 10836K, capacity 11018K, committed 11264K, reserved 1058816K
  class space    used 1335K, capacity 1415K, committed 1536K, reserved 1048576K
}
Event: 6.242 GC heap before
{Heap before GC invocations=3 (full 0):
 PSYoungGen      total 33280K, used 33256K [0x00000000db100000, 0x00000000dd600000, 0x0000000100000000)
  eden space 28672K, 100% used [0x00000000db100000,0x00000000dcd00000,0x00000000dcd00000)
  from space 4608K, 99% used [0x00000000dd180000,0x00000000dd5fa2a0,0x00000000dd600000)
  to   space 4608K, 0% used [0x00000000dcd00000,0x00000000dcd00000,0x00000000dd180000)
 ParOldGen       total 76800K, used 2262K [0x0000000091200000, 0x0000000095d00000, 0x00000000db100000)
  object space 76800K, 2% used [0x0000000091200000,0x0000000091435b58,0x0000000095d00000)
 Metaspace       used 14446K, capacity 14678K, committed 14976K, reserved 1062912K
  class space    used 1780K, capacity 1875K, committed 1920K, reserved 1048576K
Event: 6.271 GC heap after
Heap after GC invocations=3 (full 0):
 PSYoungGen      total 33280K, used 4576K [0x00000000db100000, 0x00000000dd600000, 0x0000000100000000)
  eden space 28672K, 0% used [0x00000000db100000,0x00000000db100000,0x00000000dcd00000)
  from space 4608K, 99% used [0x00000000dcd00000,0x00000000dd178050,0x00000000dd180000)
  to   space 4608K, 0% used [0x00000000dd180000,0x00000000dd180000,0x00000000dd600000)
 ParOldGen       total 76800K, used 5674K [0x0000000091200000, 0x0000000095d00000, 0x00000000db100000)
  object space 76800K, 7% used [0x0000000091200000,0x000000009178ab88,0x0000000095d00000)
 Metaspace       used 14446K, capacity 14678K, committed 14976K, reserved 1062912K
  class space    used 1780K, capacity 1875K, committed 1920K, reserved 1048576K
}

Deoptimization events (10 events):
Event: 5.922 Thread 0x00000000031ee800 Uncommon trap: reason=unstable_if action=reinterpret pc=0x00000000051c8978 method=java.lang.AbstractStringBuilder.append(Ljava/lang/String;)Ljava/lang/AbstractStringBuilder; @ 1
Event: 5.923 Thread 0x00000000031ee800 Uncommon trap: reason=unstable_if action=reinterpret pc=0x000000000516a204 method=java.lang.AbstractStringBuilder.append(Ljava/lang/String;)Ljava/lang/AbstractStringBuilder; @ 1
Event: 6.079 Thread 0x00000000031ee800 Uncommon trap: reason=unstable_if action=reinterpret pc=0x000000000511d630 method=java.lang.String.replace(CC)Ljava/lang/String; @ 2
Event: 6.404 Thread 0x00000000031ee800 Uncommon trap: reason=class_check action=maybe_recompile pc=0x00000000055303c4 method=java.lang.reflect.Field.get(Ljava/lang/Object;)Ljava/lang/Object; @ 45
Event: 6.405 Thread 0x00000000031ee800 Uncommon trap: reason=class_check action=maybe_recompile pc=0x00000000055303c4 method=java.lang.reflect.Field.get(Ljava/lang/Object;)Ljava/lang/Object; @ 45
Event: 6.405 Thread 0x00000000031ee800 Uncommon trap: reason=class_check action=maybe_recompile pc=0x00000000055303c4 method=java.lang.reflect.Field.get(Ljava/lang/Object;)Ljava/lang/Object; @ 45
Event: 6.405 Thread 0x00000000031ee800 Uncommon trap: reason=class_check action=maybe_recompile pc=0x00000000055303c4 method=java.lang.reflect.Field.get(Ljava/lang/Object;)Ljava/lang/Object; @ 45
Event: 6.469 Thread 0x00000000031ee800 Uncommon trap: reason=unstable_if action=reinterpret pc=0x0000000005517974 method=java.lang.reflect.AccessibleObject.setAccessible0(Ljava/lang/reflect/AccessibleObject;Z)V @ 4
Event: 6.504 Thread 0x00000000031ee800 Uncommon trap: reason=unstable_if action=reinterpret pc=0x00000000054e9778 method=org.codehaus.plexus.util.xml.pull.MXParser.nextImpl()I @ 879
Event: 6.625 Thread 0x00000000031ee800 Uncommon trap: reason=null_check action=make_not_entrant pc=0x000000000554e24c method=org.apache.maven.model.io.xpp3.MavenXpp3ReaderEx.checkFieldWithDuplicate(Lorg/codehaus/plexus/util/xml/pull/XmlPullParser;Ljava/lang/String;Ljava/lang/String;Ljava/util/

Internal exceptions (10 events):
Event: 4.858 Thread 0x00000000031ee800 Exception <a 'java/lang/NoClassDefFoundError': javax/annotation/Priority> (0x00000000dc132ca8) thrown at [C:\re\workspace\8-2-build-windows-amd64-cygwin\jdk8u121\8372\hotspot\src\share\vm\classfile\systemDictionary.cpp, line 199]
Event: 5.661 Thread 0x00000000031ee800 Exception <a 'java/lang/NullPointerException'> (0x00000000dc793008) thrown at [C:\re\workspace\8-2-build-windows-amd64-cygwin\jdk8u121\8372\hotspot\src\share\vm\interpreter\linkResolver.cpp, line 1178]
Event: 5.661 Thread 0x00000000031ee800 Exception <a 'java/lang/NullPointerException'> (0x00000000dc793220) thrown at [C:\re\workspace\8-2-build-windows-amd64-cygwin\jdk8u121\8372\hotspot\src\share\vm\interpreter\linkResolver.cpp, line 1178]
Event: 5.661 Thread 0x00000000031ee800 Exception <a 'java/lang/NullPointerException'> (0x00000000dc793438) thrown at [C:\re\workspace\8-2-build-windows-amd64-cygwin\jdk8u121\8372\hotspot\src\share\vm\interpreter\linkResolver.cpp, line 1178]
Event: 5.665 Thread 0x00000000031ee800 Exception <a 'java/lang/NullPointerException'> (0x00000000dc79bd78) thrown at [C:\re\workspace\8-2-build-windows-amd64-cygwin\jdk8u121\8372\hotspot\src\share\vm\interpreter\linkResolver.cpp, line 1178]
Event: 5.665 Thread 0x00000000031ee800 Exception <a 'java/lang/NullPointerException'> (0x00000000dc79bf90) thrown at [C:\re\workspace\8-2-build-windows-amd64-cygwin\jdk8u121\8372\hotspot\src\share\vm\interpreter\linkResolver.cpp, line 1178]
Event: 5.665 Thread 0x00000000031ee800 Exception <a 'java/lang/NullPointerException'> (0x00000000dc79c1a8) thrown at [C:\re\workspace\8-2-build-windows-amd64-cygwin\jdk8u121\8372\hotspot\src\share\vm\interpreter\linkResolver.cpp, line 1178]
Event: 5.922 Thread 0x00000000031ee800 Implicit null exception at 0x00000000051c85d6 to 0x00000000051c8961
Event: 5.923 Thread 0x00000000031ee800 Implicit null exception at 0x0000000005169e56 to 0x000000000516a1ed
Event: 6.625 Thread 0x00000000031ee800 Implicit null exception at 0x000000000554dfef to 0x000000000554e22d

Events (10 events):
Event: 6.482 loading class org/apache/maven/lifecycle/internal/DefaultLifecyclePluginAnalyzer$1
Event: 6.482 loading class org/apache/maven/lifecycle/internal/DefaultLifecyclePluginAnalyzer$1 done
Event: 6.504 Thread 0x00000000031ee800 Uncommon trap: trap_request=0xffffff65 fr.pc=0x00000000054e9778
Event: 6.504 Thread 0x00000000031ee800 DEOPT PACKING pc=0x00000000054e9778 sp=0x0000000004e6d870
Event: 6.504 Thread 0x00000000031ee800 DEOPT UNPACKING pc=0x0000000004fb582a sp=0x0000000004e6d7c8 mode 2
Event: 6.625 Thread 0x00000000031ee800 Uncommon trap: trap_request=0xfffffff4 fr.pc=0x000000000554e24c
Event: 6.625 Thread 0x00000000031ee800 DEOPT PACKING pc=0x000000000554e24c sp=0x0000000004e6d9d0
Event: 6.625 Thread 0x00000000031ee800 DEOPT UNPACKING pc=0x0000000004fb582a sp=0x0000000004e6d990 mode 2
Event: 6.638 loading class org/apache/maven/model/Site
Event: 6.638 loading class org/apache/maven/model/Site done


Dynamic libraries:
0x00007ff772020000 - 0x00007ff772057000 	D:\jdk\bin\java.exe
0x00007ffeb84e0000 - 0x00007ffeb86c0000 	C:\WINDOWS\SYSTEM32\ntdll.dll
0x00007ffeb82d0000 - 0x00007ffeb837e000 	C:\WINDOWS\System32\KERNEL32.DLL
0x00007ffeb4b80000 - 0x00007ffeb4de6000 	C:\WINDOWS\System32\KERNELBASE.dll
0x00007ffeb65d0000 - 0x00007ffeb6671000 	C:\WINDOWS\System32\ADVAPI32.dll
0x00007ffeb8410000 - 0x00007ffeb84ad000 	C:\WINDOWS\System32\msvcrt.dll
0x00007ffeb8040000 - 0x00007ffeb809b000 	C:\WINDOWS\System32\sechost.dll
0x00007ffeb80a0000 - 0x00007ffeb81bf000 	C:\WINDOWS\System32\RPCRT4.dll
0x00007ffeb5c10000 - 0x00007ffeb5d9f000 	C:\WINDOWS\System32\USER32.dll
0x00007ffeb4b60000 - 0x00007ffeb4b80000 	C:\WINDOWS\System32\win32u.dll
0x00007ffeb5da0000 - 0x00007ffeb5dc8000 	C:\WINDOWS\System32\GDI32.dll
0x00007ffeb56e0000 - 0x00007ffeb5873000 	C:\WINDOWS\System32\gdi32full.dll
0x00007ffeb5640000 - 0x00007ffeb56db000 	C:\WINDOWS\System32\msvcp_win.dll
0x00007ffeb4df0000 - 0x00007ffeb4ee5000 	C:\WINDOWS\System32\ucrtbase.dll
0x00007ffea7b40000 - 0x00007ffea7da9000 	C:\WINDOWS\WinSxS\amd64_microsoft.windows.common-controls_6595b64144ccf1df_6.0.16299.847_none_15cddd1e93602b6a\COMCTL32.dll
0x00007ffeb66f0000 - 0x00007ffeb69f6000 	C:\WINDOWS\System32\combase.dll
0x00007ffeb58d0000 - 0x00007ffeb5942000 	C:\WINDOWS\System32\bcryptPrimitives.dll
0x00007ffeb8380000 - 0x00007ffeb83ad000 	C:\WINDOWS\System32\IMM32.DLL
0x0000000060a10000 - 0x0000000060ae2000 	D:\jdk\jre\bin\msvcr100.dll
0x0000000060170000 - 0x0000000060a0b000 	D:\jdk\jre\bin\server\jvm.dll
0x00007ffeb6a00000 - 0x00007ffeb6a08000 	C:\WINDOWS\System32\PSAPI.DLL
0x00007ffeabde0000 - 0x00007ffeabdea000 	C:\WINDOWS\SYSTEM32\VERSION.dll
0x00007ffe9f250000 - 0x00007ffe9f259000 	C:\WINDOWS\SYSTEM32\WSOCK32.dll
0x00007ffeb1380000 - 0x00007ffeb13a3000 	C:\WINDOWS\SYSTEM32\WINMM.dll
0x00007ffeb6680000 - 0x00007ffeb66ec000 	C:\WINDOWS\System32\WS2_32.dll
0x00007ffeb1320000 - 0x00007ffeb134a000 	C:\WINDOWS\SYSTEM32\WINMMBASE.dll
0x00007ffeb5880000 - 0x00007ffeb58ca000 	C:\WINDOWS\System32\cfgmgr32.dll
0x0000000060160000 - 0x000000006016f000 	D:\jdk\jre\bin\verify.dll
0x0000000060130000 - 0x0000000060159000 	D:\jdk\jre\bin\java.dll
0x0000000060110000 - 0x0000000060126000 	D:\jdk\jre\bin\zip.dll
0x00007ffeb6a30000 - 0x00007ffeb7e68000 	C:\WINDOWS\System32\SHELL32.dll
0x00007ffeb60c0000 - 0x00007ffeb6166000 	C:\WINDOWS\System32\shcore.dll
0x00007ffeb4ef0000 - 0x00007ffeb5637000 	C:\WINDOWS\System32\windows.storage.dll
0x00007ffeb59b0000 - 0x00007ffeb5a01000 	C:\WINDOWS\System32\shlwapi.dll
0x00007ffeb48a0000 - 0x00007ffeb48b1000 	C:\WINDOWS\System32\kernel.appcore.dll
0x00007ffeb4830000 - 0x00007ffeb487c000 	C:\WINDOWS\System32\powrprof.dll
0x00007ffeb48c0000 - 0x00007ffeb48db000 	C:\WINDOWS\System32\profapi.dll
0x00007ffeb04f0000 - 0x00007ffeb04fa000 	D:\apache-maven-3.6.0\lib\jansi-native\windows64\jansi.dll
0x00000000600c0000 - 0x00000000600da000 	D:\jdk\jre\bin\net.dll
0x00007ffeb40c0000 - 0x00007ffeb4126000 	C:\WINDOWS\system32\mswsock.dll
0x0000000060090000 - 0x00000000600a1000 	D:\jdk\jre\bin\nio.dll

VM Arguments:
jvm_args: -Dclassworlds.conf=D:\apache-maven-3.6.0\bin\..\bin\m2.conf -Dmaven.home=D:\apache-maven-3.6.0\bin\.. -Dlibrary.jansi.path=D:\apache-maven-3.6.0\bin\..\lib\jansi-native -Dmaven.multiModuleProjectDirectory=C:\Users\zhao xiao qin\Desktop\程序文件\SpringBoot\SecondSpring 
java_command: org.codehaus.plexus.classworlds.launcher.Launcher clean compile
java_class_path (initial): D:\apache-maven-3.6.0\bin\..\boot\plexus-classworlds-2.5.2.jar
Launcher Type: SUN_STANDARD

Environment Variables:
JAVA_HOME=D:\jdk
CLASSPATH=D:\jdk\jre\lib\ext\sqljdbc4.jar;D:\tomcat\common\lib\servlet-api.jar;
PATH=C:\Users\zhao xiao qin\AppData\Local\Programs\Python\Python36;C:\windows\system32;C:\windows;C:\windows\SystemRoot%\system32;C:\WINDOWS;C:\WINDOWS\system32\WBEM;D:\tomcat\bin;"D:\tomcat\lib;";C:\Program Files\Microsoft SQL Server\130\Tools\Binn\;D:\apache-ant-1.9.11\bin;C:\Program Files (x86)\NVIDIA Corporation\PhysX\Common;D:\Matlab2016b\runtime\win64;D:\Matlab2016b\bin;D:\Matlab2016b\polyspace\bin;C:\Users\zhao xiao qin\AppData\Local\Programs\Python\Python36\Scripts;D:\AndroidSDK\tools;D:\AndroidSDK\platform-tools;;C:\Program Files (x86)\Microsoft SQL Server\100\Tools\Binn\;D:\Program Files\Microsoft SQL Server\100\Tools\Binn\;D:\Program Files\Microsoft SQL Server\100\DTS\Binn\;C:\Program Files (x86)\Microsoft SQL Server\100\Tools\Binn\VSShell\Common7\IDE\;C:\Program Files (x86)\Microsoft Visual Studio 9.0\Common7\IDE\PrivateAssemblies\;C:\Program Files (x86)\Microsoft SQL Server\100\DTS\Binn\;D:\Program Files\ATI Technologies\ATI.ACE\Core-Static;C:\Users\zhao xiao qin\Desktop\软件\putty\;C:\Program Files\MySQL\MySQL Server 5.7\bin;D:\apache-maven-3.6.0\bin;D:\jdk\bin;C:\Users\zhao xiao qin\AppData\Local\Microsoft\WindowsApps;C:\Users\zhao xiao qin\AppData\Local\Programs\Python\Python36;
USERNAME=zhao xiao qin
OS=Windows_NT
PROCESSOR_IDENTIFIER=AMD64 Family 22 Model 48 Stepping 1, AuthenticAMD



---------------  S Y S T E M  ---------------

OS: Windows 10.0 , 64 bit Build 16299 (10.0.16299.431)

CPU:total 4 (4 cores per cpu, 1 threads per core) family 22 model 48 stepping 1, cmov, cx8, fxsr, mmx, sse, sse2, sse3, ssse3, sse4.1, sse4.2, popcnt, avx, aes, clmul, mmxext, 3dnowpref, lzcnt, sse4a, tsc, tscinvbit, tscinv, bmi1

Memory: 4k page, physical 7263208k(2048364k free), swap 10014996k(3388k free)

vm_info: Java HotSpot(TM) 64-Bit Server VM (25.121-b13) for windows-amd64 JRE (1.8.0_121-b13), built on Dec 12 2016 18:21:36 by "java_re" with MS VC++ 10.0 (VS2010)

time: Wed Feb 13 14:28:33 2019
elapsed time: 6 seconds (0d 0h 0m 6s)

